2022-02-17 07:42:49 INFO     Connected with result code No error.
2022-02-17 07:42:49 INFO     Initialising with: {'status': 'off', 'power': 1654, 'level': 100, 'timestamp': 1645083591.0772865, 'start': 1645051430.2600148, 'duration': 362.6311538219452, 'litres': 45.32889422774315}
2022-02-17 07:42:54 INFO     Connected with result code No error.
2022-02-17 07:42:54 INFO     Initialising with: {'status': 'off', 'power': 1316, 'level': 100, 'timestamp': 1645083773.2749786, 'start': 1645051430.2600148, 'duration': 362.6311538219452, 'litres': 45.32889422774315}
2022-02-17 08:38:19 INFO     Connected with result code No error.
2022-02-17 08:38:19 INFO     Initialising with: {'status': 'off', 'power': 1485, 'level': 100, 'timestamp': 1645087098.5960886, 'start': 1645051430.2600148, 'duration': 362.6311538219452, 'litres': 45.32889422774315}
2022-02-17 08:42:02 INFO     Connected with result code No error.
2022-02-17 08:42:02 ERROR    Caught exception in on_message: can only concatenate str (not "bytes") to str
2022-02-17 08:43:39 INFO     Connected with result code No error.
2022-02-17 08:43:39 INFO     Initialising with: {'status': 'off', 'power': 1504, 'level': 100, 'timestamp': 1645087321.8337245, 'start': 1645051430.2600148, 'duration': 362.6311538219452, 'litres': 45.32889422774315}
2022-02-17 08:45:54 INFO     Connected with result code No error.
2022-02-17 08:45:54 INFO     Initialising with: {'status': 'off', 'power': 1541, 'level': 100, 'timestamp': 1645087551.877084, 'start': 1645051430.2600148, 'duration': 362.6311538219452, 'litres': 45.32889422774315}
2022-02-17 14:31:13 INFO     Connected with result code No error.
2022-02-17 14:31:13 INFO     Initialising with: {'status': 'off', 'power': 1710, 'level': 100, 'timestamp': 1645108271.9896052, 'start': 1645051430.2600148, 'duration': 362.6311538219452, 'litres': 45.32889422774315}
2022-02-17 14:31:23 INFO     Connected with result code No error.
2022-02-17 14:31:23 INFO     Initialising with: {'status': 'off', 'power': 1710, 'level': 100, 'timestamp': 1645108275.9642227, 'start': 1645051430.2600148, 'duration': 362.6311538219452, 'litres': 45.32889422774315}
2022-02-17 14:31:33 INFO     Connected with result code No error.
2022-02-17 14:31:33 INFO     Initialising with: {'status': 'off', 'power': 827, 'level': 100, 'timestamp': 1645108285.7728024, 'start': 1645051430.2600148, 'duration': 362.6311538219452, 'litres': 45.32889422774315}
2022-02-17 14:31:43 INFO     Connected with result code No error.
2022-02-17 14:31:43 INFO     Initialising with: {'status': 'off', 'power': 827, 'level': 100, 'timestamp': 1645108295.786879, 'start': 1645051430.2600148, 'duration': 362.6311538219452, 'litres': 45.32889422774315}
2022-02-17 14:31:53 INFO     Connected with result code No error.
2022-02-17 14:31:53 INFO     Initialising with: {'status': 'off', 'power': 1579, 'level': 100, 'timestamp': 1645108305.7778971, 'start': 1645051430.2600148, 'duration': 362.6311538219452, 'litres': 45.32889422774315}
2022-02-17 14:32:03 INFO     Connected with result code No error.
2022-02-17 14:32:03 INFO     Initialising with: {'status': 'off', 'power': 1504, 'level': 100, 'timestamp': 1645108315.7841694, 'start': 1645051430.2600148, 'duration': 362.6311538219452, 'litres': 45.32889422774315}
2022-02-17 14:34:51 INFO     Starting Shower Monitor...
2022-02-17 14:34:51 INFO     Connected with result code No error.
2022-02-17 14:34:51 INFO     Initialising with: {'status': 'off', 'power': 1504, 'level': 100, 'timestamp': 1645108325.7875094, 'start': 1645051430.2600148, 'duration': 362.6311538219452, 'litres': 45.32889422774315}
2022-02-17 14:34:53 INFO     Unsubscribed
2022-02-17 14:35:01 INFO     Starting Shower Monitor...
2022-02-17 14:35:01 INFO     Connected with result code No error.
2022-02-17 14:35:01 INFO     Initialising with: {'status': 'off', 'power': 1598, 'level': 100, 'timestamp': 1645108493.4138472, 'start': 1645051430.2600148, 'duration': 362.6311538219452, 'litres': 45.32889422774315}
2022-02-17 14:35:03 INFO     Unsubscribed
2022-02-17 14:35:11 INFO     Starting Shower Monitor...
2022-02-17 14:35:11 INFO     Connected with result code No error.
2022-02-17 14:35:11 INFO     Initialising with: {'status': 'off', 'power': 1598, 'level': 100, 'timestamp': 1645108503.2793567, 'start': 1645051430.2600148, 'duration': 362.6311538219452, 'litres': 45.32889422774315}
2022-02-17 14:35:13 INFO     Unsubscribed
2022-02-17 14:46:28 INFO     Starting Shower Monitor...
2022-02-17 14:46:28 INFO     Connected with result code No error.
2022-02-17 14:46:28 INFO     Initialising with: {'status': 'off', 'power': 1372, 'level': 100, 'timestamp': 1645108513.2703931, 'start': 1645051430.2600148, 'duration': 362.6311538219452, 'litres': 45.32889422774315}
2022-02-17 14:46:30 INFO     Unsubscribed
2022-02-17 14:46:37 INFO     Starting Shower Monitor...
2022-02-17 14:46:38 INFO     Connected with result code No error.
2022-02-17 14:46:38 INFO     Initialising with: {'status': 'off', 'power': 1654, 'level': 100, 'timestamp': 1645109190.0732768, 'start': 1645051430.2600148, 'duration': 362.6311538219452, 'litres': 45.32889422774315}
2022-02-17 14:46:40 INFO     Unsubscribed
2022-02-17 14:46:47 INFO     Starting Shower Monitor...
2022-02-17 14:46:48 INFO     Connected with result code No error.
2022-02-17 14:46:48 INFO     Initialising with: {'status': 'off', 'power': 1654, 'level': 100, 'timestamp': 1645109200.0316935, 'start': 1645051430.2600148, 'duration': 362.6311538219452, 'litres': 45.32889422774315}
2022-02-17 14:46:50 INFO     Unsubscribed
2022-02-17 15:06:19 INFO     Starting Shower Monitor...
2022-02-17 15:06:19 INFO     Connected with result code No error.
2022-02-17 15:06:19 INFO     Initialising with: {'status': 'off', 'power': 827, 'level': 100, 'timestamp': 1645109210.027788, 'start': 1645051430.2600148, 'duration': 362.6311538219452, 'litres': 45.32889422774315}
2022-02-17 15:06:21 INFO     Unsubscribed
2022-02-17 15:06:29 INFO     Starting Shower Monitor...
2022-02-17 15:06:29 INFO     Connected with result code No error.
2022-02-17 15:06:29 INFO     Initialising with: {'status': 'off', 'power': 1560, 'level': 100, 'timestamp': 1645110381.3084211, 'start': 1645051430.2600148, 'duration': 362.6311538219452, 'litres': 45.32889422774315}
2022-02-17 15:06:31 INFO     Unsubscribed
2022-02-17 15:06:39 INFO     Starting Shower Monitor...
2022-02-17 15:06:39 INFO     Connected with result code No error.
2022-02-17 15:06:39 INFO     Initialising with: {'status': 'off', 'power': 1560, 'level': 100, 'timestamp': 1645110391.3038478, 'start': 1645051430.2600148, 'duration': 362.6311538219452, 'litres': 45.32889422774315}
2022-02-17 15:06:41 INFO     Unsubscribed
2022-02-17 15:06:49 INFO     Starting Shower Monitor...
2022-02-17 15:06:49 INFO     Connected with result code No error.
2022-02-17 15:06:49 INFO     Initialising with: {'status': 'off', 'power': 1598, 'level': 100, 'timestamp': 1645110401.2761981, 'start': 1645051430.2600148, 'duration': 362.6311538219452, 'litres': 45.32889422774315}
2022-02-17 15:06:51 INFO     Unsubscribed
2022-02-17 15:10:12 INFO     Starting Shower Monitor...
2022-02-17 15:10:12 INFO     Connected with result code No error.
2022-02-17 15:10:12 INFO     Initialising with: {'status': 'off', 'power': 1485, 'level': 100, 'timestamp': 1645110411.282232, 'start': 1645051430.2600148, 'duration': 362.6311538219452, 'litres': 45.32889422774315}
2022-02-17 15:10:14 INFO     Unsubscribed
2022-02-17 15:10:22 INFO     Starting Shower Monitor...
2022-02-17 15:10:22 INFO     Connected with result code No error.
2022-02-17 15:10:22 INFO     Initialising with: {'status': 'off', 'power': 1598, 'level': 100, 'timestamp': 1645110614.938584, 'start': 1645051430.2600148, 'duration': 362.6311538219452, 'litres': 45.32889422774315}
2022-02-17 15:10:24 INFO     Unsubscribed
2022-02-17 15:10:32 INFO     Starting Shower Monitor...
2022-02-17 15:10:32 INFO     Connected with result code No error.
2022-02-17 15:10:32 INFO     Initialising with: {'status': 'off', 'power': 1598, 'level': 100, 'timestamp': 1645110624.7790573, 'start': 1645051430.2600148, 'duration': 362.6311538219452, 'litres': 45.32889422774315}
2022-02-17 15:10:34 INFO     Unsubscribed
2022-02-17 15:11:19 INFO     Starting Shower Monitor...
2022-02-17 15:11:19 INFO     Connected with result code No error.
2022-02-17 15:11:19 INFO     Initialising with: {'status': 'off', 'power': 808, 'level': 100, 'timestamp': 1645110634.778185, 'start': 1645051430.2600148, 'duration': 362.6311538219452, 'litres': 45.32889422774315}
2022-02-17 15:11:21 INFO     Unsubscribed
2022-02-17 15:12:08 INFO     Disconnected with result code The connection was lost.
2022-02-17 15:12:09 WARNING  Publish failed: The client is not currently connected.
2022-02-17 15:12:11 WARNING  Publish failed: The client is not currently connected.
2022-02-17 15:12:13 WARNING  Publish failed: The client is not currently connected.
2022-02-17 15:12:15 WARNING  Publish failed: The client is not currently connected.
2022-02-17 15:12:17 WARNING  Publish failed: The client is not currently connected.
2022-02-17 15:12:19 WARNING  Publish failed: The client is not currently connected.
2022-02-17 15:12:21 WARNING  Publish failed: The client is not currently connected.
2022-02-17 15:12:23 WARNING  Publish failed: The client is not currently connected.
2022-02-17 15:12:25 WARNING  Publish failed: The client is not currently connected.
2022-02-17 15:12:27 WARNING  Publish failed: The client is not currently connected.
2022-02-17 15:12:29 WARNING  Publish failed: The client is not currently connected.
2022-02-17 15:12:31 WARNING  Publish failed: The client is not currently connected.
2022-02-17 15:12:33 WARNING  Publish failed: The client is not currently connected.
2022-02-17 15:12:35 WARNING  Publish failed: The client is not currently connected.
2022-02-17 15:12:37 WARNING  Publish failed: The client is not currently connected.
2022-02-17 15:12:39 WARNING  Publish failed: The client is not currently connected.
2022-02-17 15:12:41 WARNING  Publish failed: The client is not currently connected.
2022-02-17 15:12:43 WARNING  Publish failed: The client is not currently connected.
2022-02-17 15:12:45 WARNING  Publish failed: The client is not currently connected.
2022-02-17 15:12:47 WARNING  Publish failed: The client is not currently connected.
2022-02-17 15:12:49 WARNING  Publish failed: The client is not currently connected.
2022-02-17 15:12:51 WARNING  Publish failed: The client is not currently connected.
2022-02-17 15:12:53 WARNING  Publish failed: The client is not currently connected.
2022-02-17 15:12:55 WARNING  Publish failed: The client is not currently connected.
2022-02-17 15:12:57 WARNING  Publish failed: The client is not currently connected.
2022-02-17 15:12:59 WARNING  Publish failed: The client is not currently connected.
2022-02-17 15:13:01 WARNING  Publish failed: The client is not currently connected.
2022-02-17 15:13:03 WARNING  Publish failed: The client is not currently connected.
2022-02-17 15:13:05 WARNING  Publish failed: The client is not currently connected.
2022-02-17 15:13:07 WARNING  No messages received for 60 seconds. Exiting. 60.1009840965271
2022-02-17 15:13:15 INFO     Starting Shower Monitor...
2022-02-17 15:13:21 INFO     Starting Shower Monitor...
2022-02-17 15:13:27 INFO     Starting Shower Monitor...
2022-02-17 15:13:32 INFO     Starting Shower Monitor...
2022-02-17 15:13:33 INFO     Connected with result code No error.
2022-02-17 15:13:33 INFO     Initialising with: {'status': 'off', 'power': 789, 'level': 100, 'timestamp': 1645110727.8312824, 'start': 1645051430.2600148, 'duration': 362.6311538219452, 'litres': 45.32889422774315}
2022-02-17 15:13:35 INFO     Unsubscribed
2022-02-17 15:13:37 WARNING  No messages received for 60 seconds. Exiting. 89.18776845932007
2022-02-17 15:13:44 INFO     Starting Shower Monitor...
2022-02-17 15:13:45 INFO     Connected with result code No error.
2022-02-17 15:13:45 INFO     Initialising with: {'status': 'off', 'power': 789, 'level': 100, 'timestamp': 1645110727.8312824, 'start': 1645051430.2600148, 'duration': 362.6311538219452, 'litres': 45.32889422774315}
2022-02-17 15:13:47 INFO     Unsubscribed
2022-02-17 15:14:44 INFO     Starting Shower Monitor...
2022-02-17 15:14:44 INFO     Connected with result code No error.
2022-02-17 15:14:44 INFO     Initialising with: {'status': 'off', 'power': 1560, 'level': 100, 'timestamp': 1645110883.1261992, 'start': 1645051430.2600148, 'duration': 362.6311538219452, 'litres': 45.32889422774315}
2022-02-17 15:14:46 INFO     Unsubscribed
2022-02-17 15:19:08 INFO     Starting Shower Monitor...
2022-02-17 15:19:08 INFO     Connected with result code No error.
2022-02-17 15:19:08 INFO     Initialising with: {'status': 'off', 'power': 1485, 'level': 100, 'timestamp': 1645111146.6725636, 'start': 1645051430.2600148, 'duration': 362.6311538219452, 'litres': 45.32889422774315}
2022-02-17 15:19:10 INFO     Unsubscribed
2022-02-17 18:50:32 WARNING  JSON was not in the expected format: {'header': {'messageId': 'f1d2d1803fe104e9213e6d74592098ea', 'namespace': 'Appliance.Control.ConsumptionConfig', 'method': 'PUSH', 'payloadVersion': 1, 'from': '/appliance/20091158994935251h5748e1e9337458/publish', 'timestamp': 1645123832, 'timestampMs': 912, 'sign': 'fb48a18e12da486aca9a96e1e8aaccdc'}, 'payload': {'config': {'voltageRatio': 188, 'electricityRatio': 100}}}
2022-02-17 18:51:44 WARNING  No messages received for 60 seconds. Exiting. 
2022-02-17 18:51:54 INFO     Starting Shower Monitor...
2022-02-17 18:51:55 INFO     Connected with result code No error.
2022-02-17 18:51:55 INFO     Initialising with: {'status': 'on', 'power': 231503, 'level': 74.55974805355072, 'timestamp': 1645123844.0985339, 'start': 1645123591.6643221, 'duration': 252.43421173095703, 'litres': 31.55427646636963}
2022-02-17 18:51:57 INFO     Unsubscribed
2022-02-17 18:51:59 WARNING  No messages received for 60 seconds. Exiting. 
2022-02-17 18:52:09 INFO     Starting Shower Monitor...
2022-02-17 18:52:10 INFO     Connected with result code No error.
2022-02-17 18:52:10 INFO     Initialising with: {'status': 'on', 'power': 231503, 'level': 74.55974805355072, 'timestamp': 1645123844.0985339, 'start': 1645123591.6643221, 'duration': 252.43421173095703, 'litres': 31.55427646636963}
2022-02-17 18:52:12 INFO     Unsubscribed
2022-02-17 18:53:34 WARNING  No messages received for 60 seconds. Exiting. 
2022-02-17 18:53:44 INFO     Starting Shower Monitor...
2022-02-17 18:53:45 INFO     Connected with result code No error.
2022-02-17 18:53:45 INFO     Initialising with: {'status': 'on', 'power': 234398, 'level': 63.56232607364656, 'timestamp': 1645123954.0727537, 'start': 1645123591.6643221, 'duration': 362.4084315299988, 'litres': 45.30105394124985}
2022-02-17 18:53:47 INFO     Unsubscribed
2022-02-17 18:53:49 WARNING  No messages received for 60 seconds. Exiting. 
2022-02-17 18:53:59 INFO     Starting Shower Monitor...
2022-02-17 18:54:00 INFO     Connected with result code No error.
2022-02-17 18:54:00 INFO     Initialising with: {'status': 'on', 'power': 234398, 'level': 63.56232607364656, 'timestamp': 1645123954.0727537, 'start': 1645123591.6643221, 'duration': 362.4084315299988, 'litres': 45.30105394124985}
2022-02-17 18:54:02 INFO     Unsubscribed
2022-02-17 18:56:32 WARNING  No messages received for 60 seconds. Exiting. 
2022-02-17 18:56:43 INFO     Starting Shower Monitor...
2022-02-17 18:56:43 INFO     Connected with result code No error.
2022-02-17 18:56:43 INFO     Initialising with: {'status': 'on', 'power': 236541, 'level': 45.79861643314363, 'timestamp': 1645124131.70985, 'start': 1645123591.6643221, 'duration': 540.0455279350281, 'litres': 67.50569099187851}
2022-02-17 18:56:45 INFO     Unsubscribed
2022-02-17 18:56:47 WARNING  No messages received for 60 seconds. Exiting. 
2022-02-17 18:56:58 INFO     Starting Shower Monitor...
2022-02-17 18:56:58 INFO     Connected with result code No error.
2022-02-17 18:56:58 INFO     Initialising with: {'status': 'on', 'power': 236541, 'level': 45.79861643314363, 'timestamp': 1645124131.70985, 'start': 1645123591.6643221, 'duration': 540.0455279350281, 'litres': 67.50569099187851}
2022-02-17 18:57:00 INFO     Unsubscribed
2022-02-17 18:57:02 WARNING  No messages received for 60 seconds. Exiting. 
2022-02-17 18:57:13 INFO     Starting Shower Monitor...
2022-02-17 18:57:13 INFO     Connected with result code No error.
2022-02-17 18:57:13 INFO     Initialising with: {'status': 'on', 'power': 236541, 'level': 45.79861643314363, 'timestamp': 1645124131.70985, 'start': 1645123591.6643221, 'duration': 540.0455279350281, 'litres': 67.50569099187851}
2022-02-17 18:57:15 INFO     Unsubscribed
2022-02-17 18:57:17 WARNING  No messages received for 60 seconds. Exiting. 
2022-02-17 18:57:28 INFO     Starting Shower Monitor...
2022-02-17 18:57:28 INFO     Connected with result code No error.
2022-02-17 18:57:28 INFO     Initialising with: {'status': 'on', 'power': 236541, 'level': 45.79861643314363, 'timestamp': 1645124131.70985, 'start': 1645123591.6643221, 'duration': 540.0455279350281, 'litres': 67.50569099187851}
2022-02-17 18:57:30 INFO     Unsubscribed
2022-02-17 18:57:32 WARNING  No messages received for 60 seconds. Exiting. 
2022-02-17 18:57:43 INFO     Starting Shower Monitor...
2022-02-17 18:57:43 INFO     Connected with result code No error.
2022-02-17 18:57:43 INFO     Initialising with: {'status': 'on', 'power': 236541, 'level': 45.79861643314363, 'timestamp': 1645124131.70985, 'start': 1645123591.6643221, 'duration': 540.0455279350281, 'litres': 67.50569099187851}
2022-02-17 18:57:45 INFO     Unsubscribed
2022-02-17 18:57:47 WARNING  No messages received for 60 seconds. Exiting. 
2022-02-17 18:57:58 INFO     Starting Shower Monitor...
2022-02-17 18:57:58 INFO     Connected with result code No error.
2022-02-17 18:57:58 INFO     Initialising with: {'status': 'on', 'power': 236541, 'level': 45.79861643314363, 'timestamp': 1645124131.70985, 'start': 1645123591.6643221, 'duration': 540.0455279350281, 'litres': 67.50569099187851}
2022-02-17 18:58:00 INFO     Unsubscribed
2022-02-17 18:58:02 WARNING  No messages received for 60 seconds. Exiting. 
2022-02-17 18:58:12 INFO     Starting Shower Monitor...
2022-02-17 18:58:13 INFO     Connected with result code No error.
2022-02-17 18:58:13 INFO     Initialising with: {'status': 'on', 'power': 236541, 'level': 45.79861643314363, 'timestamp': 1645124131.70985, 'start': 1645123591.6643221, 'duration': 540.0455279350281, 'litres': 67.50569099187851}
2022-02-17 18:58:15 INFO     Unsubscribed
2022-02-17 20:16:23 WARNING  No messages received for 60 seconds. Exiting. 
2022-02-17 20:16:33 INFO     Starting Shower Monitor...
2022-02-17 20:16:34 INFO     Connected with result code No error.
2022-02-17 20:16:34 INFO     Initialising with: {'status': 'off', 'power': 827, 'level': 48.61087958216658, 'timestamp': 1645128923.0461993, 'start': 1645128362.0622113, 'duration': 328.5840537548065, 'litres': 41.073006719350815}
2022-02-17 20:16:36 INFO     Unsubscribed
2022-02-17 20:18:10 WARNING  No messages received for 60 seconds. Exiting. 
2022-02-17 20:18:20 INFO     Starting Shower Monitor...
2022-02-17 20:18:21 INFO     Connected with result code No error.
2022-02-17 20:18:21 INFO     Initialising with: {'status': 'off', 'power': 1598, 'level': 51.28683096766464, 'timestamp': 1645129030.0842547, 'start': 1645128362.0622113, 'duration': 328.5840537548065, 'litres': 41.073006719350815}
2022-02-17 20:18:23 INFO     Unsubscribed
2022-02-17 20:25:27 WARNING  No messages received for 60 seconds. Exiting. 
2022-02-17 20:25:38 INFO     Starting Shower Monitor...
2022-02-17 20:25:38 INFO     Connected with result code No error.
2022-02-17 20:25:38 INFO     Initialising with: {'status': 'off', 'power': 1541, 'level': 62.226379352807946, 'timestamp': 1645129467.6661901, 'start': 1645128362.0622113, 'duration': 328.5840537548065, 'litres': 41.073006719350815}
2022-02-17 20:25:40 INFO     Unsubscribed
2022-02-17 20:33:09 WARNING  No messages received for 60 seconds. Exiting. 
2022-02-17 20:33:20 INFO     Starting Shower Monitor...
2022-02-17 20:33:20 INFO     Connected with result code No error.
2022-02-17 20:33:20 INFO     Initialising with: {'status': 'off', 'power': 808, 'level': 73.77093618512157, 'timestamp': 1645129929.4484634, 'start': 1645128362.0622113, 'duration': 328.5840537548065, 'litres': 41.073006719350815}
2022-02-17 20:33:22 INFO     Unsubscribed
2022-02-17 20:33:24 WARNING  No messages received for 60 seconds. Exiting. 
2022-02-17 20:33:35 INFO     Starting Shower Monitor...
2022-02-17 20:33:35 INFO     Connected with result code No error.
2022-02-17 20:33:35 INFO     Initialising with: {'status': 'off', 'power': 808, 'level': 73.77093618512157, 'timestamp': 1645129929.4484634, 'start': 1645128362.0622113, 'duration': 328.5840537548065, 'litres': 41.073006719350815}
2022-02-17 20:33:37 INFO     Unsubscribed
2022-02-17 20:33:39 WARNING  No messages received for 60 seconds. Exiting. 
2022-02-17 20:33:50 INFO     Starting Shower Monitor...
2022-02-17 20:33:50 INFO     Connected with result code No error.
2022-02-17 20:33:50 INFO     Initialising with: {'status': 'off', 'power': 808, 'level': 73.77093618512157, 'timestamp': 1645129929.4484634, 'start': 1645128362.0622113, 'duration': 328.5840537548065, 'litres': 41.073006719350815}
2022-02-17 20:33:52 INFO     Unsubscribed
2022-02-17 20:46:57 WARNING  No messages received for 60 seconds. Exiting. 
2022-02-17 20:47:08 INFO     Starting Shower Monitor...
2022-02-17 20:47:08 INFO     Connected with result code No error.
2022-02-17 20:47:08 INFO     Initialising with: {'status': 'off', 'power': 1522, 'level': 94.47983913421639, 'timestamp': 1645130757.8045814, 'start': 1645128362.0622113, 'duration': 328.5840537548065, 'litres': 41.073006719350815}
2022-02-17 20:47:10 INFO     Unsubscribed
2022-02-17 20:52:40 WARNING  JSON was not in the expected format: {'header': {'messageId': '84a771bcc226a42105287e5525a472f2', 'namespace': 'Appliance.Control.ConsumptionConfig', 'method': 'PUSH', 'payloadVersion': 1, 'from': '/appliance/20091158994935251h5748e1e9337458/publish', 'timestamp': 1645131160, 'timestampMs': 738, 'sign': '3aa9d8c82d6dad08fdb35316674c696a'}, 'payload': {'config': {'voltageRatio': 188, 'electricityRatio': 100}}}
2022-02-17 20:53:53 WARNING  No messages received for 60 seconds. Exiting. 
2022-02-17 20:54:04 INFO     Starting Shower Monitor...
2022-02-17 20:54:04 INFO     Connected with result code No error.
2022-02-17 20:54:04 INFO     Initialising with: {'status': 'off', 'power': 1616, 'level': 75.71241611838353, 'timestamp': 1645131173.4140027, 'start': 1645130830.7916803, 'duration': 162.28492069244385, 'litres': 20.28561508655548}
2022-02-17 20:54:06 INFO     Unsubscribed
2022-02-17 20:54:08 WARNING  No messages received for 60 seconds. Exiting. 
2022-02-17 20:54:19 INFO     Starting Shower Monitor...
2022-02-17 20:54:19 INFO     Connected with result code No error.
2022-02-17 20:54:19 INFO     Initialising with: {'status': 'off', 'power': 1616, 'level': 75.71241611838353, 'timestamp': 1645131173.4140027, 'start': 1645130830.7916803, 'duration': 162.28492069244385, 'litres': 20.28561508655548}
2022-02-17 20:54:21 INFO     Unsubscribed
2022-02-17 20:54:23 WARNING  No messages received for 60 seconds. Exiting. 
2022-02-17 20:54:34 INFO     Starting Shower Monitor...
2022-02-17 20:54:34 INFO     Connected with result code No error.
2022-02-17 20:54:34 INFO     Initialising with: {'status': 'off', 'power': 1616, 'level': 75.71241611838353, 'timestamp': 1645131173.4140027, 'start': 1645130830.7916803, 'duration': 162.28492069244385, 'litres': 20.28561508655548}
2022-02-17 20:54:36 INFO     Unsubscribed
2022-02-17 20:54:38 WARNING  No messages received for 60 seconds. Exiting. 
2022-02-17 20:54:49 INFO     Starting Shower Monitor...
2022-02-17 20:54:49 INFO     Connected with result code No error.
2022-02-17 20:54:49 INFO     Initialising with: {'status': 'off', 'power': 1616, 'level': 75.71241611838353, 'timestamp': 1645131173.4140027, 'start': 1645130830.7916803, 'duration': 162.28492069244385, 'litres': 20.28561508655548}
2022-02-17 20:54:51 INFO     Unsubscribed
2022-02-17 20:54:53 WARNING  No messages received for 60 seconds. Exiting. 
2022-02-17 20:55:04 INFO     Starting Shower Monitor...
2022-02-17 20:55:04 INFO     Connected with result code No error.
2022-02-17 20:55:04 INFO     Initialising with: {'status': 'off', 'power': 1616, 'level': 75.71241611838353, 'timestamp': 1645131173.4140027, 'start': 1645130830.7916803, 'duration': 162.28492069244385, 'litres': 20.28561508655548}
2022-02-17 20:55:06 INFO     Unsubscribed
2022-02-17 20:55:08 WARNING  No messages received for 60 seconds. Exiting. 
2022-02-17 20:55:19 INFO     Starting Shower Monitor...
2022-02-17 20:55:19 INFO     Connected with result code No error.
2022-02-17 20:55:19 INFO     Initialising with: {'status': 'off', 'power': 1616, 'level': 75.71241611838353, 'timestamp': 1645131173.4140027, 'start': 1645130830.7916803, 'duration': 162.28492069244385, 'litres': 20.28561508655548}
2022-02-17 20:55:21 INFO     Unsubscribed
2022-02-17 20:55:23 WARNING  No messages received for 60 seconds. Exiting. 
2022-02-17 20:55:34 INFO     Starting Shower Monitor...
2022-02-17 20:55:34 INFO     Connected with result code No error.
2022-02-17 20:55:34 INFO     Initialising with: {'status': 'off', 'power': 1616, 'level': 75.71241611838353, 'timestamp': 1645131173.4140027, 'start': 1645130830.7916803, 'duration': 162.28492069244385, 'litres': 20.28561508655548}
2022-02-17 20:55:36 INFO     Unsubscribed
2022-02-17 20:58:00 WARNING  No messages received for 60 seconds. Exiting. 
2022-02-17 20:58:11 INFO     Starting Shower Monitor...
2022-02-17 20:58:11 INFO     Connected with result code No error.
2022-02-17 20:58:11 INFO     Initialising with: {'status': 'off', 'power': 1616, 'level': 81.89425866603861, 'timestamp': 1645131420.6877046, 'start': 1645130830.7916803, 'duration': 162.28492069244385, 'litres': 20.28561508655548}
2022-02-17 20:58:13 INFO     Unsubscribed
2022-02-17 20:58:15 WARNING  No messages received for 60 seconds. Exiting. 
2022-02-17 20:58:26 INFO     Starting Shower Monitor...
2022-02-17 20:58:26 INFO     Connected with result code No error.
2022-02-17 20:58:26 INFO     Initialising with: {'status': 'off', 'power': 1616, 'level': 81.89425866603861, 'timestamp': 1645131420.6877046, 'start': 1645130830.7916803, 'duration': 162.28492069244385, 'litres': 20.28561508655548}
2022-02-17 20:58:28 INFO     Unsubscribed
2022-02-17 20:58:30 WARNING  No messages received for 60 seconds. Exiting. 
2022-02-17 20:58:41 INFO     Starting Shower Monitor...
2022-02-17 20:58:41 INFO     Connected with result code No error.
2022-02-17 20:58:41 INFO     Initialising with: {'status': 'off', 'power': 1616, 'level': 81.89425866603861, 'timestamp': 1645131420.6877046, 'start': 1645130830.7916803, 'duration': 162.28492069244385, 'litres': 20.28561508655548}
2022-02-17 20:58:43 INFO     Unsubscribed
2022-02-17 20:58:45 WARNING  No messages received for 60 seconds. Exiting. 
2022-02-17 20:58:56 INFO     Starting Shower Monitor...
2022-02-17 20:58:56 INFO     Connected with result code No error.
2022-02-17 20:58:56 INFO     Initialising with: {'status': 'off', 'power': 1616, 'level': 81.89425866603861, 'timestamp': 1645131420.6877046, 'start': 1645130830.7916803, 'duration': 162.28492069244385, 'litres': 20.28561508655548}
2022-02-17 20:58:58 INFO     Unsubscribed
2022-02-17 20:59:00 WARNING  No messages received for 60 seconds. Exiting. 
2022-02-17 20:59:11 INFO     Starting Shower Monitor...
2022-02-17 20:59:11 INFO     Connected with result code No error.
2022-02-17 20:59:11 INFO     Initialising with: {'status': 'off', 'power': 1616, 'level': 81.89425866603861, 'timestamp': 1645131420.6877046, 'start': 1645130830.7916803, 'duration': 162.28492069244385, 'litres': 20.28561508655548}
2022-02-17 20:59:13 INFO     Unsubscribed
2022-02-17 20:59:15 WARNING  No messages received for 60 seconds. Exiting. 
2022-02-17 20:59:26 INFO     Starting Shower Monitor...
2022-02-17 20:59:26 INFO     Connected with result code No error.
2022-02-17 20:59:26 INFO     Initialising with: {'status': 'off', 'power': 1616, 'level': 81.89425866603861, 'timestamp': 1645131420.6877046, 'start': 1645130830.7916803, 'duration': 162.28492069244385, 'litres': 20.28561508655548}
2022-02-17 20:59:28 INFO     Unsubscribed
2022-02-17 20:59:30 WARNING  No messages received for 60 seconds. Exiting. 
2022-02-17 20:59:41 INFO     Starting Shower Monitor...
2022-02-17 20:59:41 INFO     Connected with result code No error.
2022-02-17 20:59:41 INFO     Initialising with: {'status': 'off', 'power': 1616, 'level': 81.89425866603861, 'timestamp': 1645131420.6877046, 'start': 1645130830.7916803, 'duration': 162.28492069244385, 'litres': 20.28561508655548}
2022-02-17 20:59:43 INFO     Unsubscribed
2022-02-17 20:59:45 WARNING  No messages received for 60 seconds. Exiting. 
2022-02-17 20:59:56 INFO     Starting Shower Monitor...
2022-02-17 20:59:56 INFO     Connected with result code No error.
2022-02-17 20:59:56 INFO     Initialising with: {'status': 'off', 'power': 1616, 'level': 81.89425866603861, 'timestamp': 1645131420.6877046, 'start': 1645130830.7916803, 'duration': 162.28492069244385, 'litres': 20.28561508655548}
2022-02-17 20:59:58 INFO     Unsubscribed
2022-02-17 21:00:00 WARNING  No messages received for 60 seconds. Exiting. 
2022-02-17 21:00:11 INFO     Starting Shower Monitor...
2022-02-17 21:00:11 INFO     Connected with result code No error.
2022-02-17 21:00:11 INFO     Initialising with: {'status': 'off', 'power': 1616, 'level': 81.89425866603861, 'timestamp': 1645131420.6877046, 'start': 1645130830.7916803, 'duration': 162.28492069244385, 'litres': 20.28561508655548}
2022-02-17 21:00:13 INFO     Unsubscribed
2022-02-17 21:00:15 WARNING  No messages received for 60 seconds. Exiting. 
2022-02-17 21:00:26 INFO     Starting Shower Monitor...
2022-02-17 21:00:26 INFO     Connected with result code No error.
2022-02-17 21:00:26 INFO     Initialising with: {'status': 'off', 'power': 1616, 'level': 81.89425866603861, 'timestamp': 1645131420.6877046, 'start': 1645130830.7916803, 'duration': 162.28492069244385, 'litres': 20.28561508655548}
2022-02-17 21:00:28 INFO     Unsubscribed
2022-02-17 21:00:30 WARNING  No messages received for 60 seconds. Exiting. 
2022-02-17 21:00:41 INFO     Starting Shower Monitor...
2022-02-17 21:00:41 INFO     Connected with result code No error.
2022-02-17 21:00:41 INFO     Initialising with: {'status': 'off', 'power': 1616, 'level': 81.89425866603861, 'timestamp': 1645131420.6877046, 'start': 1645130830.7916803, 'duration': 162.28492069244385, 'litres': 20.28561508655548}
2022-02-17 21:00:43 INFO     Unsubscribed
2022-02-17 21:09:42 WARNING  No messages received for 60 seconds. Exiting. 
2022-02-17 21:09:53 INFO     Starting Shower Monitor...
2022-02-17 21:09:53 INFO     Connected with result code No error.
2022-02-17 21:09:53 INFO     Initialising with: {'status': 'off', 'power': 1616, 'level': 99.44296705126777, 'timestamp': 1645132122.63604, 'start': 1645130830.7916803, 'duration': 162.28492069244385, 'litres': 20.28561508655548}
2022-02-17 21:09:55 INFO     Unsubscribed
2022-02-17 21:09:57 WARNING  No messages received for 60 seconds. Exiting. 
2022-02-17 21:10:08 INFO     Starting Shower Monitor...
2022-02-17 21:10:08 INFO     Connected with result code No error.
2022-02-17 21:10:08 INFO     Initialising with: {'status': 'off', 'power': 1616, 'level': 99.44296705126777, 'timestamp': 1645132122.63604, 'start': 1645130830.7916803, 'duration': 162.28492069244385, 'litres': 20.28561508655548}
2022-02-17 21:10:10 INFO     Unsubscribed
2022-02-17 21:10:12 WARNING  No messages received for 60 seconds. Exiting. 
2022-02-17 21:10:23 INFO     Starting Shower Monitor...
2022-02-17 21:10:23 INFO     Connected with result code No error.
2022-02-17 21:10:23 INFO     Initialising with: {'status': 'off', 'power': 1616, 'level': 99.44296705126777, 'timestamp': 1645132122.63604, 'start': 1645130830.7916803, 'duration': 162.28492069244385, 'litres': 20.28561508655548}
2022-02-17 21:10:25 INFO     Unsubscribed
2022-02-17 21:10:27 WARNING  No messages received for 60 seconds. Exiting. 
2022-02-17 21:10:38 INFO     Starting Shower Monitor...
2022-02-17 21:10:38 INFO     Connected with result code No error.
2022-02-17 21:10:38 INFO     Initialising with: {'status': 'off', 'power': 1616, 'level': 99.44296705126777, 'timestamp': 1645132122.63604, 'start': 1645130830.7916803, 'duration': 162.28492069244385, 'litres': 20.28561508655548}
2022-02-17 21:10:40 INFO     Unsubscribed
2022-02-17 21:10:42 WARNING  No messages received for 60 seconds. Exiting. 
2022-02-17 21:10:53 INFO     Starting Shower Monitor...
2022-02-17 21:10:53 INFO     Connected with result code No error.
2022-02-17 21:10:53 INFO     Initialising with: {'status': 'off', 'power': 1616, 'level': 99.44296705126777, 'timestamp': 1645132122.63604, 'start': 1645130830.7916803, 'duration': 162.28492069244385, 'litres': 20.28561508655548}
2022-02-17 21:10:54 WARNING  JSON was not in the expected format: {'header': {'messageId': 'cdcd3e825c49500f09ba55c1c57d0b55', 'namespace': 'Appliance.Control.ConsumptionConfig', 'method': 'PUSH', 'payloadVersion': 1, 'from': '/appliance/20091158994935251h5748e1e9337458/publish', 'timestamp': 1645132253, 'timestampMs': 109, 'sign': 'c49205ebe85a002b8f9604c25b4f46fa'}, 'payload': {'config': {'voltageRatio': 188, 'electricityRatio': 100}}}
2022-02-17 21:10:55 INFO     Unsubscribed
2022-02-18 00:04:47 WARNING  JSON was not in the expected format: {'header': {'messageId': '52046497caa7743d8de432faa3eae308', 'namespace': 'Appliance.Control.ConsumptionConfig', 'method': 'PUSH', 'payloadVersion': 1, 'from': '/appliance/20091158994935251h5748e1e9337458/publish', 'timestamp': 1645142687, 'timestampMs': 360, 'sign': 'e718edaf62fae34ddf6c26c1d34cf46a'}, 'payload': {'config': {'voltageRatio': 188, 'electricityRatio': 100}}}
2022-02-18 00:04:49 WARNING  No messages received for 60 seconds. Exiting. 
2022-02-18 00:05:00 INFO     Starting Shower Monitor...
2022-02-18 00:05:00 INFO     Connected with result code No error.
2022-02-18 00:05:00 INFO     Initialising with: {'status': 'off', 'power': 1729, 'level': 100, 'timestamp': 1645142629.4911952, 'start': 1645137500.6162918, 'duration': 180.31165599822998, 'litres': 22.538956999778748}
2022-02-18 00:05:02 INFO     Unsubscribed
2022-02-18 02:43:03 WARNING  JSON was not in the expected format: {'header': {'messageId': '7f4e3b03f453a1858db1c019b9866b93', 'namespace': 'Appliance.Control.ConsumptionX', 'method': 'PUSH', 'payloadVersion': 1, 'from': '/appliance/20091158994935251h5748e1e9337458/publish', 'timestamp': 1645152184, 'timestampMs': 759, 'sign': '9de1073f50043d0c76682f7a40498471'}, 'payload': {'consumptionx': [{'date': '2022-02-12', 'time': 1644710285, 'value': 233}, {'date': '2022-02-13', 'time': 1644796684, 'value': 235}, {'date': '2022-02-14', 'time': 1644883085, 'value': 183}, {'date': '2022-02-15', 'time': 1644969482, 'value': 207}, {'date': '2022-02-16', 'time': 1645055881, 'value': 198}, {'date': '2022-02-17', 'time': 1645142281, 'value': 204}, {'date': '2022-02-18', 'time': 1645152183, 'value': 3}]}}
2022-02-18 12:42:06 INFO     Starting Shower Monitor...
2022-02-18 12:42:17 INFO     Starting Shower Monitor...
2022-02-18 12:42:28 INFO     Starting Shower Monitor...
2022-02-18 12:42:39 INFO     Starting Shower Monitor...
2022-02-18 12:42:50 INFO     Starting Shower Monitor...
2022-02-18 12:43:00 INFO     Starting Shower Monitor...
2022-02-18 12:43:02 WARNING  Publish failed: The client is not currently connected.
2022-02-18 12:43:04 WARNING  Publish failed: The client is not currently connected.
2022-02-18 12:43:06 WARNING  Publish failed: The client is not currently connected.
2022-02-18 12:43:07 INFO     Connected with result code No error.
2022-02-18 12:43:07 INFO     Initialising with: {'status': 'off', 'power': 1692, 'level': 100, 'timestamp': 1645188250.788381, 'start': 1645137500.6162918, 'duration': 180.31165599822998, 'litres': 22.538956999778748}
2022-02-18 12:45:11 WARNING  No messages received for 60 seconds. Exiting. 
2022-02-18 12:45:22 INFO     Starting Shower Monitor...
2022-02-18 12:45:22 INFO     Connected with result code No error.
2022-02-18 12:45:22 INFO     Initialising with: {'status': 'off', 'power': 1692, 'level': 100, 'timestamp': 1645188250.788381, 'start': 1645137500.6162918, 'duration': 180.31165599822998, 'litres': 22.538956999778748}
2022-02-18 12:45:24 INFO     Unsubscribed
2022-02-18 12:45:26 WARNING  No messages received for 60 seconds. Exiting. 
2022-02-18 12:45:37 INFO     Starting Shower Monitor...
2022-02-18 12:45:37 INFO     Connected with result code No error.
2022-02-18 12:45:37 INFO     Initialising with: {'status': 'off', 'power': 1692, 'level': 100, 'timestamp': 1645188250.788381, 'start': 1645137500.6162918, 'duration': 180.31165599822998, 'litres': 22.538956999778748}
2022-02-18 12:45:39 INFO     Unsubscribed
2022-02-18 12:45:41 WARNING  No messages received for 60 seconds. Exiting. 
2022-02-18 12:45:52 INFO     Starting Shower Monitor...
2022-02-18 12:45:52 INFO     Connected with result code No error.
2022-02-18 12:45:52 INFO     Initialising with: {'status': 'off', 'power': 1692, 'level': 100, 'timestamp': 1645188250.788381, 'start': 1645137500.6162918, 'duration': 180.31165599822998, 'litres': 22.538956999778748}
2022-02-18 12:45:54 INFO     Unsubscribed
2022-02-18 12:45:56 WARNING  No messages received for 60 seconds. Exiting. 
2022-02-18 12:46:07 INFO     Starting Shower Monitor...
2022-02-18 12:46:07 INFO     Connected with result code No error.
2022-02-18 12:46:07 INFO     Initialising with: {'status': 'off', 'power': 1692, 'level': 100, 'timestamp': 1645188250.788381, 'start': 1645137500.6162918, 'duration': 180.31165599822998, 'litres': 22.538956999778748}
2022-02-18 12:46:09 INFO     Unsubscribed
2022-02-18 12:46:11 WARNING  No messages received for 60 seconds. Exiting. 
2022-02-18 20:20:52 INFO     Starting Shower Monitor...
2022-02-18 20:20:52 INFO     Connected with result code No error.
2022-02-18 20:20:52 INFO     Initialising with: {'status': 'off', 'power': 1692, 'level': 100, 'timestamp': 1645188250.788381, 'start': 1645137500.6162918, 'duration': 180.31165599822998, 'litres': 22.538956999778748}
2022-02-18 20:20:54 INFO     Unsubscribed
2022-02-18 20:20:56 WARNING  No messages received for 60 seconds. Exiting. 
2022-02-18 20:21:07 INFO     Starting Shower Monitor...
2022-02-18 20:21:07 INFO     Connected with result code No error.
2022-02-18 20:21:07 INFO     Initialising with: {'status': 'off', 'power': 1692, 'level': 100, 'timestamp': 1645188250.788381, 'start': 1645137500.6162918, 'duration': 180.31165599822998, 'litres': 22.538956999778748}
2022-02-18 20:21:09 INFO     Unsubscribed
2022-02-18 20:21:11 WARNING  No messages received for 60 seconds. Exiting. 
2022-02-18 20:21:22 INFO     Starting Shower Monitor...
2022-02-18 20:21:22 INFO     Connected with result code No error.
2022-02-18 20:21:22 INFO     Initialising with: {'status': 'off', 'power': 1692, 'level': 100, 'timestamp': 1645188250.788381, 'start': 1645137500.6162918, 'duration': 180.31165599822998, 'litres': 22.538956999778748}
2022-02-18 20:21:24 INFO     Unsubscribed
2022-02-18 20:21:26 WARNING  No messages received for 60 seconds. Exiting. 
2022-02-18 20:21:37 INFO     Starting Shower Monitor...
2022-02-18 20:21:37 INFO     Connected with result code No error.
2022-02-18 20:21:37 INFO     Initialising with: {'status': 'off', 'power': 1692, 'level': 100, 'timestamp': 1645188250.788381, 'start': 1645137500.6162918, 'duration': 180.31165599822998, 'litres': 22.538956999778748}
2022-02-18 20:21:39 INFO     Unsubscribed
2022-02-18 20:21:41 WARNING  No messages received for 60 seconds. Exiting. 
2022-02-18 20:21:52 INFO     Starting Shower Monitor...
2022-02-18 20:21:52 INFO     Connected with result code No error.
2022-02-18 20:21:52 INFO     Initialising with: {'status': 'off', 'power': 1692, 'level': 100, 'timestamp': 1645188250.788381, 'start': 1645137500.6162918, 'duration': 180.31165599822998, 'litres': 22.538956999778748}
2022-02-18 20:21:54 INFO     Unsubscribed
2022-02-18 20:21:56 WARNING  No messages received for 60 seconds. Exiting. 
2022-02-18 20:22:07 INFO     Starting Shower Monitor...
2022-02-18 20:22:07 INFO     Connected with result code No error.
2022-02-18 20:22:07 INFO     Initialising with: {'status': 'off', 'power': 1692, 'level': 100, 'timestamp': 1645188250.788381, 'start': 1645137500.6162918, 'duration': 180.31165599822998, 'litres': 22.538956999778748}
2022-02-18 20:22:09 INFO     Unsubscribed
2022-02-18 20:22:11 WARNING  No messages received for 60 seconds. Exiting. 
2022-02-18 20:22:22 INFO     Starting Shower Monitor...
2022-02-18 20:22:22 INFO     Connected with result code No error.
2022-02-18 20:22:22 INFO     Initialising with: {'status': 'off', 'power': 1692, 'level': 100, 'timestamp': 1645188250.788381, 'start': 1645137500.6162918, 'duration': 180.31165599822998, 'litres': 22.538956999778748}
2022-02-18 20:22:24 INFO     Unsubscribed
2022-02-18 20:22:26 WARNING  No messages received for 60 seconds. Exiting. 
2022-02-18 20:22:37 INFO     Starting Shower Monitor...
2022-02-18 20:22:37 INFO     Connected with result code No error.
2022-02-18 20:22:37 INFO     Initialising with: {'status': 'off', 'power': 1692, 'level': 100, 'timestamp': 1645188250.788381, 'start': 1645137500.6162918, 'duration': 180.31165599822998, 'litres': 22.538956999778748}
2022-02-18 20:22:39 INFO     Unsubscribed
2022-02-18 20:22:41 WARNING  No messages received for 60 seconds. Exiting. 
2022-02-18 20:22:52 INFO     Starting Shower Monitor...
2022-02-18 20:22:52 INFO     Connected with result code No error.
2022-02-18 20:22:52 INFO     Initialising with: {'status': 'off', 'power': 1692, 'level': 100, 'timestamp': 1645188250.788381, 'start': 1645137500.6162918, 'duration': 180.31165599822998, 'litres': 22.538956999778748}
2022-02-18 20:22:54 INFO     Unsubscribed
2022-02-18 20:22:56 WARNING  No messages received for 60 seconds. Exiting. 
2022-02-18 20:23:07 INFO     Starting Shower Monitor...
2022-02-18 20:23:07 INFO     Connected with result code No error.
2022-02-18 20:23:07 INFO     Initialising with: {'status': 'off', 'power': 1692, 'level': 100, 'timestamp': 1645188250.788381, 'start': 1645137500.6162918, 'duration': 180.31165599822998, 'litres': 22.538956999778748}
2022-02-18 20:23:09 INFO     Unsubscribed
2022-02-18 20:23:11 WARNING  No messages received for 60 seconds. Exiting. 
2022-02-18 20:23:22 INFO     Starting Shower Monitor...
2022-02-18 20:23:22 INFO     Connected with result code No error.
2022-02-18 20:23:22 INFO     Initialising with: {'status': 'off', 'power': 1692, 'level': 100, 'timestamp': 1645188250.788381, 'start': 1645137500.6162918, 'duration': 180.31165599822998, 'litres': 22.538956999778748}
2022-02-18 20:23:24 INFO     Unsubscribed
2022-02-18 20:23:26 WARNING  No messages received for 60 seconds. Exiting. 
2022-02-18 20:23:37 INFO     Starting Shower Monitor...
2022-02-18 20:23:37 INFO     Connected with result code No error.
2022-02-18 20:23:37 INFO     Initialising with: {'status': 'off', 'power': 1692, 'level': 100, 'timestamp': 1645188250.788381, 'start': 1645137500.6162918, 'duration': 180.31165599822998, 'litres': 22.538956999778748}
2022-02-18 20:23:39 INFO     Unsubscribed
2022-02-18 20:23:41 WARNING  No messages received for 60 seconds. Exiting. 
2022-02-18 20:23:52 INFO     Starting Shower Monitor...
2022-02-18 20:23:52 INFO     Connected with result code No error.
2022-02-18 20:23:52 INFO     Initialising with: {'status': 'off', 'power': 1692, 'level': 100, 'timestamp': 1645188250.788381, 'start': 1645137500.6162918, 'duration': 180.31165599822998, 'litres': 22.538956999778748}
2022-02-18 20:23:54 INFO     Unsubscribed
2022-02-18 20:23:56 WARNING  No messages received for 60 seconds. Exiting. 
2022-02-18 20:22:33 INFO     Starting Shower Monitor...
2022-02-18 20:22:33 INFO     Connected with result code No error.
2022-02-18 20:22:33 INFO     Initialising with: {'status': 'off', 'power': 1692, 'level': 100, 'timestamp': 1645188250.788381, 'start': 1645137500.6162918, 'duration': 180.31165599822998, 'litres': 22.538956999778748}
2022-02-18 20:22:35 INFO     Unsubscribed
2022-02-18 20:22:37 WARNING  No messages received for 60 seconds. Exiting. 
2022-02-18 20:22:47 INFO     Starting Shower Monitor...
2022-02-18 20:22:48 INFO     Connected with result code No error.
2022-02-18 20:22:48 INFO     Initialising with: {'status': 'off', 'power': 1692, 'level': 100, 'timestamp': 1645188250.788381, 'start': 1645137500.6162918, 'duration': 180.31165599822998, 'litres': 22.538956999778748}
2022-02-18 20:22:48 WARNING  JSON was not in the expected format: {'header': {'messageId': '62ebb91863cd7346d5f9530f5db5c1bd', 'namespace': 'Appliance.System.Clock', 'method': 'PUSH', 'payloadVersion': 1, 'from': '/appliance/20091158994935251h5748e1e9337458/publish', 'timestamp': 536, 'timestampMs': 678, 'sign': 'ff6c5468bf1f7774d30d02b04ddcb924'}, 'payload': {'clock': {'timestamp': 536}}}
2022-02-18 20:22:49 INFO     Unsubscribed
2022-02-18 20:22:51 WARNING  No messages received for 60 seconds. Exiting. 
2022-02-18 20:25:00 INFO     Starting Shower Monitor...
2022-02-18 20:25:00 INFO     Connected with result code No error.
2022-02-18 20:25:00 INFO     Initialising with: {'status': 'off', 'power': 1692, 'level': 100, 'timestamp': 1645188250.788381, 'start': 1645137500.6162918, 'duration': 180.31165599822998, 'litres': 22.538956999778748}
2022-02-18 20:25:02 INFO     Unsubscribed
2022-02-18 20:26:10 WARNING  JSON was not in the expected format: {'header': {'messageId': '184640e34fddc4e62af52a9cafecb6a9', 'namespace': 'Appliance.Control.ConsumptionX', 'method': 'PUSH', 'payloadVersion': 1, 'from': '/appliance/20091158994935251h5748e1e9337458/publish', 'timestamp': 1645215970, 'timestampMs': 191, 'sign': 'facb60caa1abfeefa74bd15f890554e4'}, 'payload': {'consumptionx': [{'date': '2022-02-12', 'time': 1644710285, 'value': 233}, {'date': '2022-02-13', 'time': 1644796684, 'value': 235}, {'date': '2022-02-14', 'time': 1644883085, 'value': 183}, {'date': '2022-02-15', 'time': 1644969482, 'value': 207}, {'date': '2022-02-16', 'time': 1645055881, 'value': 198}, {'date': '2022-02-17', 'time': 1645142281, 'value': 204}, {'date': '2022-02-18', 'time': 1645215899, 'value': 17}]}}
2022-02-18 21:42:44 WARNING  No messages received for 60 seconds. Exiting. 
2022-02-18 21:42:55 INFO     Starting Shower Monitor...
2022-02-18 21:42:55 INFO     Connected with result code No error.
2022-02-18 21:42:55 INFO     Initialising with: {'status': 'off', 'power': 1598, 'level': 82.53218033313743, 'timestamp': 1645220503.3386164, 'start': 1645218148.8323374, 'duration': 358.60924243927, 'litres': 44.82615530490875}
2022-02-18 21:42:57 INFO     Unsubscribed
2022-02-18 21:42:59 WARNING  No messages received for 60 seconds. Exiting. 
2022-02-18 21:43:10 INFO     Starting Shower Monitor...
2022-02-18 21:43:10 INFO     Connected with result code No error.
2022-02-18 21:43:10 INFO     Initialising with: {'status': 'off', 'power': 1598, 'level': 82.53218033313743, 'timestamp': 1645220503.3386164, 'start': 1645218148.8323374, 'duration': 358.60924243927, 'litres': 44.82615530490875}
2022-02-18 21:43:12 INFO     Unsubscribed
2022-02-18 21:45:51 WARNING  JSON was not in the expected format: {'header': {'messageId': '62d0ca6584ee7a93372130558a13dc04', 'namespace': 'Appliance.Control.ConsumptionConfig', 'method': 'PUSH', 'payloadVersion': 1, 'from': '/appliance/20091158994935251h5748e1e9337458/publish', 'timestamp': 1645220752, 'timestampMs': 619, 'sign': 'd2e1cd880568b92bb9e088c29b0df344'}, 'payload': {'config': {'voltageRatio': 188, 'electricityRatio': 100}}}
2022-02-19 02:56:04 WARNING  JSON was not in the expected format: {'header': {'messageId': 'f0f9a4c78e2c6b018b184107ed02ccb8', 'namespace': 'Appliance.Control.ConsumptionX', 'method': 'PUSH', 'payloadVersion': 1, 'from': '/appliance/20091158994935251h5748e1e9337458/publish', 'timestamp': 1645239363, 'timestampMs': 643, 'sign': '687ac84d2af9a444dd1f5646a830d016'}, 'payload': {'consumptionx': [{'date': '2022-02-12', 'time': 1644710285, 'value': 233}, {'date': '2022-02-13', 'time': 1644796684, 'value': 235}, {'date': '2022-02-14', 'time': 1644883085, 'value': 183}, {'date': '2022-02-15', 'time': 1644969482, 'value': 207}, {'date': '2022-02-16', 'time': 1645055881, 'value': 198}, {'date': '2022-02-17', 'time': 1645142281, 'value': 204}, {'date': '2022-02-18', 'time': 1645228682, 'value': 132}, {'date': '2022-02-19', 'time': 1645239363, 'value': 4}]}}
2022-02-19 16:29:44 WARNING  No messages received for 60 seconds. Exiting. 
2022-02-19 16:29:55 INFO     Starting Shower Monitor...
2022-02-19 16:29:55 INFO     Connected with result code No error.
2022-02-19 16:29:55 INFO     Initialising with: {'status': 'off', 'power': 1710, 'level': 100, 'timestamp': 1645288124.0905282, 'start': 1645225942.0810997, 'duration': 204.3544282913208, 'litres': 25.5443035364151}
2022-02-19 16:29:57 INFO     Unsubscribed
2022-02-19 16:29:59 WARNING  No messages received for 60 seconds. Exiting. 
2022-02-19 16:30:10 INFO     Starting Shower Monitor...
2022-02-19 16:30:10 INFO     Connected with result code No error.
2022-02-19 16:30:10 INFO     Initialising with: {'status': 'off', 'power': 1710, 'level': 100, 'timestamp': 1645288124.0905282, 'start': 1645225942.0810997, 'duration': 204.3544282913208, 'litres': 25.5443035364151}
2022-02-19 16:30:12 INFO     Unsubscribed
2022-02-19 16:30:14 WARNING  No messages received for 60 seconds. Exiting. 
2022-02-19 16:30:25 INFO     Starting Shower Monitor...
2022-02-19 16:30:25 INFO     Connected with result code No error.
2022-02-19 16:30:25 INFO     Initialising with: {'status': 'off', 'power': 1710, 'level': 100, 'timestamp': 1645288124.0905282, 'start': 1645225942.0810997, 'duration': 204.3544282913208, 'litres': 25.5443035364151}
2022-02-19 16:30:27 INFO     Unsubscribed
2022-02-19 16:30:29 WARNING  No messages received for 60 seconds. Exiting. 
2022-02-19 16:30:40 INFO     Starting Shower Monitor...
2022-02-19 16:30:40 INFO     Connected with result code No error.
2022-02-19 16:30:40 INFO     Initialising with: {'status': 'off', 'power': 1710, 'level': 100, 'timestamp': 1645288124.0905282, 'start': 1645225942.0810997, 'duration': 204.3544282913208, 'litres': 25.5443035364151}
2022-02-19 16:30:42 INFO     Unsubscribed
2022-02-19 16:30:44 WARNING  No messages received for 60 seconds. Exiting. 
2022-02-19 16:30:55 INFO     Starting Shower Monitor...
2022-02-19 16:30:55 INFO     Connected with result code No error.
2022-02-19 16:30:55 INFO     Initialising with: {'status': 'off', 'power': 1710, 'level': 100, 'timestamp': 1645288124.0905282, 'start': 1645225942.0810997, 'duration': 204.3544282913208, 'litres': 25.5443035364151}
2022-02-19 16:30:57 INFO     Unsubscribed
2022-02-19 16:30:59 WARNING  No messages received for 60 seconds. Exiting. 
2022-02-19 16:31:10 INFO     Starting Shower Monitor...
2022-02-19 16:31:10 INFO     Connected with result code No error.
2022-02-19 16:31:10 INFO     Initialising with: {'status': 'off', 'power': 1710, 'level': 100, 'timestamp': 1645288124.0905282, 'start': 1645225942.0810997, 'duration': 204.3544282913208, 'litres': 25.5443035364151}
2022-02-19 16:31:12 INFO     Unsubscribed
2022-02-19 16:31:14 WARNING  No messages received for 60 seconds. Exiting. 
2022-02-19 16:31:25 INFO     Starting Shower Monitor...
2022-02-19 16:31:25 INFO     Connected with result code No error.
2022-02-19 16:31:25 INFO     Initialising with: {'status': 'off', 'power': 1710, 'level': 100, 'timestamp': 1645288124.0905282, 'start': 1645225942.0810997, 'duration': 204.3544282913208, 'litres': 25.5443035364151}
2022-02-19 16:31:27 INFO     Unsubscribed
2022-02-19 16:31:29 WARNING  No messages received for 60 seconds. Exiting. 
2022-02-19 16:31:40 INFO     Starting Shower Monitor...
2022-02-19 16:31:40 INFO     Connected with result code No error.
2022-02-19 16:31:40 INFO     Initialising with: {'status': 'off', 'power': 1710, 'level': 100, 'timestamp': 1645288124.0905282, 'start': 1645225942.0810997, 'duration': 204.3544282913208, 'litres': 25.5443035364151}
2022-02-19 16:31:42 INFO     Unsubscribed
2022-02-19 16:31:44 WARNING  No messages received for 60 seconds. Exiting. 
2022-02-19 16:31:55 INFO     Starting Shower Monitor...
2022-02-19 16:31:55 INFO     Connected with result code No error.
2022-02-19 16:31:55 INFO     Initialising with: {'status': 'off', 'power': 1710, 'level': 100, 'timestamp': 1645288124.0905282, 'start': 1645225942.0810997, 'duration': 204.3544282913208, 'litres': 25.5443035364151}
2022-02-19 16:31:57 INFO     Unsubscribed
2022-02-19 16:31:59 WARNING  No messages received for 60 seconds. Exiting. 
2022-02-19 16:32:10 INFO     Starting Shower Monitor...
2022-02-19 16:32:10 INFO     Connected with result code No error.
2022-02-19 16:32:10 INFO     Initialising with: {'status': 'off', 'power': 1710, 'level': 100, 'timestamp': 1645288124.0905282, 'start': 1645225942.0810997, 'duration': 204.3544282913208, 'litres': 25.5443035364151}
2022-02-19 16:32:12 INFO     Unsubscribed
2022-02-19 16:32:14 WARNING  No messages received for 60 seconds. Exiting. 
2022-02-19 16:32:25 INFO     Starting Shower Monitor...
2022-02-19 16:32:25 INFO     Connected with result code No error.
2022-02-19 16:32:25 INFO     Initialising with: {'status': 'off', 'power': 1710, 'level': 100, 'timestamp': 1645288124.0905282, 'start': 1645225942.0810997, 'duration': 204.3544282913208, 'litres': 25.5443035364151}
2022-02-19 16:32:27 INFO     Unsubscribed
2022-02-19 16:32:29 WARNING  No messages received for 60 seconds. Exiting. 
2022-02-19 16:32:40 INFO     Starting Shower Monitor...
2022-02-19 16:32:40 INFO     Connected with result code No error.
2022-02-19 16:32:40 INFO     Initialising with: {'status': 'off', 'power': 1710, 'level': 100, 'timestamp': 1645288124.0905282, 'start': 1645225942.0810997, 'duration': 204.3544282913208, 'litres': 25.5443035364151}
2022-02-19 16:32:42 INFO     Unsubscribed
2022-02-19 16:32:43 WARNING  JSON was not in the expected format: {'header': {'messageId': '17dd4d539b77d2282c8dde7f865e5a78', 'namespace': 'Appliance.Control.ConsumptionConfig', 'method': 'PUSH', 'payloadVersion': 1, 'from': '/appliance/20091158994935251h5748e1e9337458/publish', 'timestamp': 1645288363, 'timestampMs': 938, 'sign': '30568488411bbfc852c310e6f64eea99'}, 'payload': {'config': {'voltageRatio': 188, 'electricityRatio': 100}}}
2022-02-19 16:32:44 WARNING  No messages received for 60 seconds. Exiting. 
2022-02-19 16:32:55 INFO     Starting Shower Monitor...
2022-02-19 16:32:55 INFO     Connected with result code No error.
2022-02-19 16:32:55 INFO     Initialising with: {'status': 'off', 'power': 1710, 'level': 100, 'timestamp': 1645288124.0905282, 'start': 1645225942.0810997, 'duration': 204.3544282913208, 'litres': 25.5443035364151}
2022-02-19 16:32:57 INFO     Unsubscribed
2022-02-19 16:34:29 WARNING  No messages received for 60 seconds. Exiting. 
2022-02-19 16:34:40 INFO     Starting Shower Monitor...
2022-02-19 16:34:40 INFO     Connected with result code No error.
2022-02-19 16:34:40 INFO     Initialising with: {'status': 'off', 'power': 1541, 'level': 100, 'timestamp': 1645288408.6954844, 'start': 1645225942.0810997, 'duration': 204.3544282913208, 'litres': 25.5443035364151}
2022-02-19 16:34:42 INFO     Unsubscribed
2022-02-19 16:34:44 WARNING  No messages received for 60 seconds. Exiting. 
2022-02-19 16:34:55 INFO     Starting Shower Monitor...
2022-02-19 16:34:55 INFO     Connected with result code No error.
2022-02-19 16:34:55 INFO     Initialising with: {'status': 'off', 'power': 1541, 'level': 100, 'timestamp': 1645288408.6954844, 'start': 1645225942.0810997, 'duration': 204.3544282913208, 'litres': 25.5443035364151}
2022-02-19 16:34:57 INFO     Unsubscribed
2022-02-19 16:34:59 WARNING  No messages received for 60 seconds. Exiting. 
2022-02-19 16:35:10 INFO     Starting Shower Monitor...
2022-02-19 16:35:10 INFO     Connected with result code No error.
2022-02-19 16:35:10 INFO     Initialising with: {'status': 'off', 'power': 1541, 'level': 100, 'timestamp': 1645288408.6954844, 'start': 1645225942.0810997, 'duration': 204.3544282913208, 'litres': 25.5443035364151}
2022-02-19 16:35:12 INFO     Unsubscribed
2022-02-19 16:35:14 WARNING  No messages received for 60 seconds. Exiting. 
2022-02-19 16:35:25 INFO     Starting Shower Monitor...
2022-02-19 16:35:25 INFO     Connected with result code No error.
2022-02-19 16:35:25 INFO     Initialising with: {'status': 'off', 'power': 1541, 'level': 100, 'timestamp': 1645288408.6954844, 'start': 1645225942.0810997, 'duration': 204.3544282913208, 'litres': 25.5443035364151}
2022-02-19 16:35:27 INFO     Unsubscribed
2022-02-19 16:35:29 WARNING  No messages received for 60 seconds. Exiting. 
2022-02-19 16:35:40 INFO     Starting Shower Monitor...
2022-02-19 16:35:40 INFO     Connected with result code No error.
2022-02-19 16:35:40 INFO     Initialising with: {'status': 'off', 'power': 1541, 'level': 100, 'timestamp': 1645288408.6954844, 'start': 1645225942.0810997, 'duration': 204.3544282913208, 'litres': 25.5443035364151}
2022-02-19 16:35:42 INFO     Unsubscribed
2022-02-19 16:36:46 WARNING  No messages received for 60 seconds. Exiting. 
2022-02-19 16:36:57 INFO     Starting Shower Monitor...
2022-02-19 16:36:57 INFO     Connected with result code No error.
2022-02-19 16:36:57 INFO     Initialising with: {'status': 'off', 'power': 864, 'level': 100, 'timestamp': 1645288546.7186651, 'start': 1645225942.0810997, 'duration': 204.3544282913208, 'litres': 25.5443035364151}
2022-02-19 16:36:59 INFO     Unsubscribed
2022-02-19 16:37:01 WARNING  No messages received for 60 seconds. Exiting. 
2022-02-19 16:37:12 INFO     Starting Shower Monitor...
2022-02-19 16:37:12 INFO     Connected with result code No error.
2022-02-19 16:37:12 INFO     Initialising with: {'status': 'off', 'power': 864, 'level': 100, 'timestamp': 1645288546.7186651, 'start': 1645225942.0810997, 'duration': 204.3544282913208, 'litres': 25.5443035364151}
2022-02-19 16:37:14 INFO     Unsubscribed
2022-02-19 16:37:16 WARNING  No messages received for 60 seconds. Exiting. 
2022-02-19 16:37:27 INFO     Starting Shower Monitor...
2022-02-19 16:37:27 INFO     Connected with result code No error.
2022-02-19 16:37:27 INFO     Initialising with: {'status': 'off', 'power': 864, 'level': 100, 'timestamp': 1645288546.7186651, 'start': 1645225942.0810997, 'duration': 204.3544282913208, 'litres': 25.5443035364151}
2022-02-19 16:37:29 INFO     Unsubscribed
2022-02-19 16:37:31 WARNING  No messages received for 60 seconds. Exiting. 
2022-02-19 16:37:42 INFO     Starting Shower Monitor...
2022-02-19 16:37:42 INFO     Connected with result code No error.
2022-02-19 16:37:42 INFO     Initialising with: {'status': 'off', 'power': 864, 'level': 100, 'timestamp': 1645288546.7186651, 'start': 1645225942.0810997, 'duration': 204.3544282913208, 'litres': 25.5443035364151}
2022-02-19 16:37:44 INFO     Unsubscribed
2022-02-19 16:39:58 WARNING  No messages received for 60 seconds. Exiting. 
2022-02-19 16:40:09 INFO     Starting Shower Monitor...
2022-02-19 16:40:09 INFO     Connected with result code No error.
2022-02-19 16:40:09 INFO     Initialising with: {'status': 'off', 'power': 1485, 'level': 100, 'timestamp': 1645288737.1845136, 'start': 1645225942.0810997, 'duration': 204.3544282913208, 'litres': 25.5443035364151}
2022-02-19 16:40:11 INFO     Unsubscribed
2022-02-19 16:40:13 WARNING  No messages received for 60 seconds. Exiting. 
2022-02-19 16:40:24 INFO     Starting Shower Monitor...
2022-02-19 16:40:24 INFO     Connected with result code No error.
2022-02-19 16:40:24 INFO     Initialising with: {'status': 'off', 'power': 1485, 'level': 100, 'timestamp': 1645288737.1845136, 'start': 1645225942.0810997, 'duration': 204.3544282913208, 'litres': 25.5443035364151}
2022-02-19 16:40:26 INFO     Unsubscribed
2022-02-19 16:42:10 WARNING  JSON was not in the expected format: {'header': {'messageId': 'b1633cc9413272faa946fca731e8cf70', 'namespace': 'Appliance.Control.ConsumptionX', 'method': 'PUSH', 'payloadVersion': 1, 'from': '/appliance/20091158994935251h5748e1e9337458/publish', 'timestamp': 1645288929, 'timestampMs': 310, 'sign': 'b79f5db58d5483be5808127efdfc7ee7'}, 'payload': {'consumptionx': [{'date': '2022-02-12', 'time': 1644710285, 'value': 233}, {'date': '2022-02-13', 'time': 1644796684, 'value': 235}, {'date': '2022-02-14', 'time': 1644883085, 'value': 183}, {'date': '2022-02-15', 'time': 1644969482, 'value': 207}, {'date': '2022-02-16', 'time': 1645055881, 'value': 198}, {'date': '2022-02-17', 'time': 1645142281, 'value': 204}, {'date': '2022-02-18', 'time': 1645228682, 'value': 132}, {'date': '2022-02-19', 'time': 1645288819, 'value': 22}]}}
2022-02-20 03:03:08 WARNING  JSON was not in the expected format: {'header': {'messageId': '8b9169b9dddcfd2043550bc15e01b4fb', 'namespace': 'Appliance.Control.ConsumptionX', 'method': 'PUSH', 'payloadVersion': 1, 'from': '/appliance/20091158994935251h5748e1e9337458/publish', 'timestamp': 1645326188, 'timestampMs': 101, 'sign': 'b68d7642a1ad5492534c313233722f3f'}, 'payload': {'consumptionx': [{'date': '2022-02-12', 'time': 1644710285, 'value': 233}, {'date': '2022-02-13', 'time': 1644796684, 'value': 235}, {'date': '2022-02-14', 'time': 1644883085, 'value': 183}, {'date': '2022-02-15', 'time': 1644969482, 'value': 207}, {'date': '2022-02-16', 'time': 1645055881, 'value': 198}, {'date': '2022-02-17', 'time': 1645142281, 'value': 204}, {'date': '2022-02-18', 'time': 1645228682, 'value': 132}, {'date': '2022-02-19', 'time': 1645315085, 'value': 247}, {'date': '2022-02-20', 'time': 1645326188, 'value': 4}]}}
2022-02-20 09:55:20 INFO     Starting Shower Monitor...
2022-02-20 09:55:20 INFO     Connected with result code No error.
2022-02-20 09:55:20 INFO     Initialising with: {'status': 'off', 'power': 1579, 'level': 100, 'timestamp': 1645350893.8190095, 'start': 1645338474.4034572, 'duration': 244.41867589950562, 'litres': 30.552334487438202}
2022-02-20 09:55:22 INFO     Unsubscribed
2022-02-21 03:00:06 WARNING  JSON was not in the expected format: {'header': {'messageId': 'c5d129fff821cfff9e47ee584969050a', 'namespace': 'Appliance.Control.ConsumptionX', 'method': 'PUSH', 'payloadVersion': 1, 'from': '/appliance/20091158994935251h5748e1e9337458/publish', 'timestamp': 1645412406, 'timestampMs': 191, 'sign': '62c825754caf23b92807f55adcd63ca9'}, 'payload': {'consumptionx': [{'date': '2022-02-12', 'time': 1644710285, 'value': 233}, {'date': '2022-02-13', 'time': 1644796684, 'value': 235}, {'date': '2022-02-14', 'time': 1644883085, 'value': 183}, {'date': '2022-02-15', 'time': 1644969482, 'value': 207}, {'date': '2022-02-16', 'time': 1645055881, 'value': 198}, {'date': '2022-02-17', 'time': 1645142281, 'value': 204}, {'date': '2022-02-18', 'time': 1645228682, 'value': 132}, {'date': '2022-02-19', 'time': 1645315085, 'value': 247}, {'date': '2022-02-20', 'time': 1645401482, 'value': 164}, {'date': '2022-02-21', 'time': 1645412405, 'value': 4}]}}
2022-02-21 03:15:24 WARNING  JSON was not in the expected format: {'header': {'messageId': '924e36b9f2ba8257ae49862e79857965', 'namespace': 'Appliance.Control.ConsumptionConfig', 'method': 'PUSH', 'payloadVersion': 1, 'from': '/appliance/20091158994935251h5748e1e9337458/publish', 'timestamp': 1645413324, 'timestampMs': 162, 'sign': '9dd87afb42677153d0b2c96aa30080f4'}, 'payload': {'config': {'voltageRatio': 188, 'electricityRatio': 100}}}
2022-02-21 19:41:53 WARNING  JSON was not in the expected format: {'header': {'messageId': '11cfe8a947f62d76f3b6d4fe91ebf1f1', 'namespace': 'Appliance.System.Clock', 'method': 'PUSH', 'payloadVersion': 1, 'from': '/appliance/20091158994935251h5748e1e9337458/publish', 'timestamp': 3, 'timestampMs': 846, 'sign': '95449f9cb7a35cec448176a8bd3fc071'}, 'payload': {'clock': {'timestamp': 3}}}
2022-02-21 19:41:55 WARNING  JSON was not in the expected format: {'header': {'messageId': '18f32033f4a40fd17902649da0e231ff', 'namespace': 'Appliance.System.Clock', 'method': 'PUSH', 'payloadVersion': 1, 'from': '/appliance/20091158994935251h5748e1e9337458/publish', 'timestamp': 4, 'timestampMs': 75, 'sign': '5ba92bb30c190a9a51cf4ad38ba9e884'}, 'payload': {'clock': {'timestamp': 4}}}
2022-02-21 19:41:57 WARNING  JSON was not in the expected format: {'header': {'messageId': '6345705df7e5c513a5ed800cbb5ad3f9', 'namespace': 'Appliance.System.Clock', 'method': 'PUSH', 'payloadVersion': 1, 'from': '/appliance/20091158994935251h5748e1e9337458/publish', 'timestamp': 7, 'timestampMs': 920, 'sign': 'bf541dcd5b5fc712af8630f4c1f1d144'}, 'payload': {'clock': {'timestamp': 7}}}
2022-02-21 19:45:56 INFO     Starting Shower Monitor...
2022-02-21 19:45:56 INFO     Connected with result code No error.
2022-02-21 19:45:56 INFO     Initialising with: {'status': 'off', 'power': 0, 'level': 100, 'timestamp': 1645472517.9796422, 'start': 1645466599.7882211, 'duration': 482.8298442363739, 'litres': 60.35373052954674}
2022-02-21 19:45:58 INFO     Unsubscribed
2022-02-21 19:48:04 INFO     Starting Shower Monitor...
2022-02-21 19:48:04 INFO     Connected with result code No error.
2022-02-21 19:48:04 INFO     Initialising with: {'status': 'off', 'power': 1710, 'level': 100, 'timestamp': 1645472882.48351, 'start': 1645466599.7882211, 'duration': 482.8298442363739, 'litres': 60.35373052954674}
2022-02-21 19:48:06 INFO     Unsubscribed
2022-02-21 22:00:20 INFO     Starting Shower Monitor...
2022-02-21 22:00:20 INFO     Connected with result code No error.
2022-02-21 22:00:20 INFO     Initialising with: {'status': 'off', 'power': 1035, 'level': 100, 'timestamp': 1645480817.9268098, 'start': 1645475666.858887, 'duration': 241.41816782951355, 'litres': 30.177270978689194}
2022-02-21 22:00:22 INFO     Unsubscribed
2022-02-21 22:09:55 INFO     Starting Shower Monitor...
2022-02-21 22:09:55 INFO     Connected with result code No error.
2022-02-21 22:09:55 INFO     Initialising with: {'status': 'off', 'power': 1913, 'level': 100, 'timestamp': 1645481393.8280013, 'start': 1645475666.858887, 'duration': 241.41816782951355, 'litres': 30.177270978689194}
2022-02-21 22:09:57 INFO     Unsubscribed
2022-02-21 22:11:31 INFO     Starting Shower Monitor...
2022-02-21 22:11:31 INFO     Connected with result code No error.
2022-02-21 22:11:31 INFO     Initialising with: {'status': 'off', 'power': 990, 'level': 100, 'timestamp': 1645481490.7526908, 'start': 1645475666.858887, 'duration': 241.41816782951355, 'litres': 30.177270978689194}
2022-02-21 22:11:33 INFO     Unsubscribed
2022-02-28 08:59:09 WARNING  Power request failed: HTTPConnectionPool(host='10.226.2.42', port=80): Max retries exceeded with url: /config (Caused by NewConnectionError('<urllib3.connection.HTTPConnection object at 0x75f08890>: Failed to establish a new connection: [Errno 110] Connection timed out'))
2022-02-28 08:59:11 WARNING  No messages received for 60 seconds. Exiting. 
2022-02-28 08:59:22 INFO     Starting Shower Monitor...
2022-02-28 08:59:22 INFO     Connected with result code No error.
2022-02-28 08:59:22 INFO     Initialising with: {'status': 'off', 'power': 1867, 'level': 100, 'timestamp': 1646038614.1664436, 'start': 1646002076.4078028, 'duration': 182.60656547546387, 'litres': 22.825820684432983}
2022-02-28 08:59:24 INFO     Unsubscribed
2022-02-28 09:01:37 WARNING  Power request failed: HTTPConnectionPool(host='10.226.2.42', port=80): Max retries exceeded with url: /config (Caused by NewConnectionError('<urllib3.connection.HTTPConnection object at 0x75f115b0>: Failed to establish a new connection: [Errno 110] Connection timed out'))
2022-02-28 09:01:39 WARNING  No messages received for 60 seconds. Exiting. 
2022-02-28 09:01:50 INFO     Starting Shower Monitor...
2022-02-28 09:01:50 INFO     Connected with result code No error.
2022-02-28 09:01:50 INFO     Initialising with: {'status': 'off', 'power': 1867, 'level': 100, 'timestamp': 1646038614.1664436, 'start': 1646002076.4078028, 'duration': 182.60656547546387, 'litres': 22.825820684432983}
2022-02-28 09:01:52 INFO     Unsubscribed
2022-02-28 13:28:01 INFO     Starting Shower Monitor...
2022-02-28 13:28:01 INFO     Connected with result code No error.
2022-02-28 13:28:01 INFO     Initialising with: {'status': 'off', 'power': 1080, 'level': 100, 'timestamp': 1646041426.4810646, 'start': 1646002076.4078028, 'duration': 182.60656547546387, 'litres': 22.825820684432983}
2022-02-28 13:28:03 INFO     Unsubscribed
2022-03-07 09:27:24 WARNING  Power request failed: HTTPConnectionPool(host='10.226.2.42', port=80): Max retries exceeded with url: /config (Caused by NewConnectionError('<urllib3.connection.HTTPConnection object at 0x75ed9790>: Failed to establish a new connection: [Errno 110] Connection timed out'))
2022-03-07 09:27:26 WARNING  No messages received for 60 seconds. Exiting. 
2022-03-07 09:27:37 INFO     Starting Shower Monitor...
2022-03-07 09:27:37 INFO     Connected with result code No error.
2022-03-07 09:27:37 INFO     Initialising with: {'status': 'off', 'power': 1800, 'level': 100, 'timestamp': 1646645108.9342594, 'start': 1646611021.0346854, 'duration': 261.6618604660034, 'litres': 32.70773255825043}
2022-03-07 09:27:39 INFO     Unsubscribed
2022-03-07 15:46:55 INFO     Starting Shower Monitor...
2022-03-07 15:46:55 INFO     Connected with result code No error.
2022-03-07 15:46:55 INFO     Initialising with: {'status': 'off', 'power': 1800, 'level': 100, 'timestamp': 1646654328.8016353, 'start': 1646611021.0346854, 'duration': 261.6618604660034, 'litres': 32.70773255825043}
2022-03-07 15:46:57 INFO     Unsubscribed
